2024-02-01T08:55:17+00:00 Duys-MacBook-Pro.local#00 I: Runner: processes
2024-02-01T08:55:17+00:00 Duys-MacBook-Pro.local#00 I: Chooser: simple
2024-02-01T08:55:17+00:00 Duys-MacBook-Pro.local#00 I: Configuration suite_name = "all"
2024-02-01T08:55:17+00:00 Duys-MacBook-Pro.local#00 I: Configuration cache_filename = "/Users/duynguyen/cs4/cs4_set/lab3/oUnit-$(suite_name).cache"
2024-02-01T08:55:17+00:00 Duys-MacBook-Pro.local#00 I: Configuration run_gc_full_major = "true"
2024-02-01T08:55:17+00:00 Duys-MacBook-Pro.local#00 I: Configuration display = "true"
2024-02-01T08:55:17+00:00 Duys-MacBook-Pro.local#00 I: Configuration results_style_1_X = "false"
2024-02-01T08:55:17+00:00 Duys-MacBook-Pro.local#00 I: Configuration testdata_dir = "none"
2024-02-01T08:55:17+00:00 Duys-MacBook-Pro.local#00 I: Configuration health_check_interval = "1."
2024-02-01T08:55:17+00:00 Duys-MacBook-Pro.local#00 I: Configuration verbose = "false"
2024-02-01T08:55:17+00:00 Duys-MacBook-Pro.local#00 I: Configuration chooser = "simple"
2024-02-01T08:55:17+00:00 Duys-MacBook-Pro.local#00 I: Configuration output_html_dir = "none"
2024-02-01T08:55:17+00:00 Duys-MacBook-Pro.local#00 I: Configuration processes_kill_period = "5."
2024-02-01T08:55:17+00:00 Duys-MacBook-Pro.local#00 I: Configuration runner = "processes"
2024-02-01T08:55:17+00:00 Duys-MacBook-Pro.local#00 I: Configuration shards = "2"
2024-02-01T08:55:17+00:00 Duys-MacBook-Pro.local#00 I: Configuration processes_grace_period = "5."
2024-02-01T08:55:17+00:00 Duys-MacBook-Pro.local#00 I: Configuration log_encoding = "utf-8"
2024-02-01T08:55:17+00:00 Duys-MacBook-Pro.local#00 I: Configuration output_junit_file = "none"
2024-02-01T08:55:17+00:00 Duys-MacBook-Pro.local#00 I: Configuration ci = "false"
2024-02-01T08:55:17+00:00 Duys-MacBook-Pro.local#00 I: Configuration output_file = "/Users/duynguyen/cs4/cs4_set/lab3/oUnit-$(suite_name)-$(shard_id).log"
2024-02-01T08:55:17+00:00 Duys-MacBook-Pro.local#00 I: Using 2 workers maximum.
2024-02-01T08:55:17+00:00 Duys-MacBook-Pro.local#00 I: Starting worker number Duys-MacBook-Pro.local#01.
2024-02-01T08:55:17+00:00 Duys-MacBook-Pro.local#00 I: Worker Duys-MacBook-Pro.local#01 started.
2024-02-01T08:55:17+00:00 Duys-MacBook-Pro.local#00 I: Starting worker number Duys-MacBook-Pro.local#02.
2024-02-01T08:55:17+00:00 Duys-MacBook-Pro.local#00 I: Worker Duys-MacBook-Pro.local#02 started.
2024-02-01T08:55:17+00:00 Duys-MacBook-Pro.local#00 I: 2 tests running: all:1:irange, all:0:range.
2024-02-01T08:55:17+00:00 Duys-MacBook-Pro.local#01 I: Start test all:0:range.
2024-02-01T08:55:17+00:00 Duys-MacBook-Pro.local#00 I: 2 tests running: all:1:irange, all:0:range.
2024-02-01T08:55:17+00:00 Duys-MacBook-Pro.local#02 I: Start test all:1:irange.
2024-02-01T08:55:17+00:00 Duys-MacBook-Pro.local#00 I: 2 tests running: all:1:irange, all:0:range.
2024-02-01T08:55:17+00:00 Duys-MacBook-Pro.local#01 I: Test all:0:range is successful.
2024-02-01T08:55:17+00:00 Duys-MacBook-Pro.local#00 I: 2 tests running: all:1:irange, all:0:range.
2024-02-01T08:55:17+00:00 Duys-MacBook-Pro.local#01 I: End test all:0:range.
2024-02-01T08:55:17+00:00 Duys-MacBook-Pro.local#00 I: 2 tests running: all:1:irange, all:0:range.
2024-02-01T08:55:17+00:00 Duys-MacBook-Pro.local#00 I: 2 tests running: all:2:last_sublist, all:1:irange.
2024-02-01T08:55:17+00:00 Duys-MacBook-Pro.local#01 I: Start test all:2:last_sublist.
2024-02-01T08:55:17+00:00 Duys-MacBook-Pro.local#00 I: 2 tests running: all:2:last_sublist, all:1:irange.
2024-02-01T08:55:17+00:00 Duys-MacBook-Pro.local#02 I: Test all:1:irange is successful.
2024-02-01T08:55:17+00:00 Duys-MacBook-Pro.local#00 I: 2 tests running: all:2:last_sublist, all:1:irange.
2024-02-01T08:55:17+00:00 Duys-MacBook-Pro.local#02 I: End test all:1:irange.
2024-02-01T08:55:17+00:00 Duys-MacBook-Pro.local#00 I: 2 tests running: all:2:last_sublist, all:1:irange.
2024-02-01T08:55:17+00:00 Duys-MacBook-Pro.local#00 I: 2 tests running: all:3:reverse, all:2:last_sublist.
2024-02-01T08:55:17+00:00 Duys-MacBook-Pro.local#02 I: Start test all:3:reverse.
2024-02-01T08:55:17+00:00 Duys-MacBook-Pro.local#00 I: 2 tests running: all:3:reverse, all:2:last_sublist.
2024-02-01T08:55:17+00:00 Duys-MacBook-Pro.local#01 I: Test all:2:last_sublist is successful.
2024-02-01T08:55:17+00:00 Duys-MacBook-Pro.local#00 I: 2 tests running: all:3:reverse, all:2:last_sublist.
2024-02-01T08:55:17+00:00 Duys-MacBook-Pro.local#01 I: End test all:2:last_sublist.
2024-02-01T08:55:17+00:00 Duys-MacBook-Pro.local#00 I: 2 tests running: all:3:reverse, all:2:last_sublist.
2024-02-01T08:55:17+00:00 Duys-MacBook-Pro.local#00 I: 2 tests running: all:4:square_list, all:3:reverse.
2024-02-01T08:55:17+00:00 Duys-MacBook-Pro.local#01 I: Start test all:4:square_list.
2024-02-01T08:55:17+00:00 Duys-MacBook-Pro.local#00 I: 2 tests running: all:4:square_list, all:3:reverse.
2024-02-01T08:55:17+00:00 Duys-MacBook-Pro.local#02 I: Test all:3:reverse is successful.
2024-02-01T08:55:17+00:00 Duys-MacBook-Pro.local#00 I: 2 tests running: all:4:square_list, all:3:reverse.
2024-02-01T08:55:17+00:00 Duys-MacBook-Pro.local#02 I: End test all:3:reverse.
2024-02-01T08:55:17+00:00 Duys-MacBook-Pro.local#00 I: 2 tests running: all:4:square_list, all:3:reverse.
2024-02-01T08:55:17+00:00 Duys-MacBook-Pro.local#00 I: 2 tests running: all:5:square_list2, all:4:square_list.
2024-02-01T08:55:17+00:00 Duys-MacBook-Pro.local#02 I: Start test all:5:square_list2.
2024-02-01T08:55:17+00:00 Duys-MacBook-Pro.local#00 I: 2 tests running: all:5:square_list2, all:4:square_list.
2024-02-01T08:55:17+00:00 Duys-MacBook-Pro.local#01 I: Test all:4:square_list is successful.
2024-02-01T08:55:17+00:00 Duys-MacBook-Pro.local#00 I: 2 tests running: all:5:square_list2, all:4:square_list.
2024-02-01T08:55:17+00:00 Duys-MacBook-Pro.local#01 I: End test all:4:square_list.
2024-02-01T08:55:17+00:00 Duys-MacBook-Pro.local#00 I: 2 tests running: all:5:square_list2, all:4:square_list.
2024-02-01T08:55:17+00:00 Duys-MacBook-Pro.local#00 I: 2 tests running: all:6:count_negative_numbers, all:5:square_list2.
2024-02-01T08:55:17+00:00 Duys-MacBook-Pro.local#01 I: Start test all:6:count_negative_numbers.
2024-02-01T08:55:17+00:00 Duys-MacBook-Pro.local#00 I: 2 tests running: all:6:count_negative_numbers, all:5:square_list2.
2024-02-01T08:55:17+00:00 Duys-MacBook-Pro.local#02 I: Test all:5:square_list2 is successful.
2024-02-01T08:55:17+00:00 Duys-MacBook-Pro.local#00 I: 2 tests running: all:6:count_negative_numbers, all:5:square_list2.
2024-02-01T08:55:17+00:00 Duys-MacBook-Pro.local#02 I: End test all:5:square_list2.
2024-02-01T08:55:17+00:00 Duys-MacBook-Pro.local#00 I: 2 tests running: all:6:count_negative_numbers, all:5:square_list2.
2024-02-01T08:55:17+00:00 Duys-MacBook-Pro.local#00 I: 2 tests running: all:7:power_of_two_list, all:6:count_negative_numbers.
2024-02-01T08:55:17+00:00 Duys-MacBook-Pro.local#02 I: Start test all:7:power_of_two_list.
2024-02-01T08:55:17+00:00 Duys-MacBook-Pro.local#00 I: 2 tests running: all:7:power_of_two_list, all:6:count_negative_numbers.
2024-02-01T08:55:17+00:00 Duys-MacBook-Pro.local#01 I: Test all:6:count_negative_numbers is successful.
2024-02-01T08:55:17+00:00 Duys-MacBook-Pro.local#00 I: 2 tests running: all:7:power_of_two_list, all:6:count_negative_numbers.
2024-02-01T08:55:17+00:00 Duys-MacBook-Pro.local#01 I: End test all:6:count_negative_numbers.
2024-02-01T08:55:17+00:00 Duys-MacBook-Pro.local#00 I: 2 tests running: all:7:power_of_two_list, all:6:count_negative_numbers.
2024-02-01T08:55:17+00:00 Duys-MacBook-Pro.local#00 I: 2 tests running: all:8:prefix_sum, all:7:power_of_two_list.
2024-02-01T08:55:17+00:00 Duys-MacBook-Pro.local#01 I: Start test all:8:prefix_sum.
2024-02-01T08:55:17+00:00 Duys-MacBook-Pro.local#00 I: 2 tests running: all:8:prefix_sum, all:7:power_of_two_list.
2024-02-01T08:55:17+00:00 Duys-MacBook-Pro.local#02 I: Test all:7:power_of_two_list is successful.
2024-02-01T08:55:17+00:00 Duys-MacBook-Pro.local#00 I: 2 tests running: all:8:prefix_sum, all:7:power_of_two_list.
2024-02-01T08:55:17+00:00 Duys-MacBook-Pro.local#02 I: End test all:7:power_of_two_list.
2024-02-01T08:55:17+00:00 Duys-MacBook-Pro.local#00 I: 2 tests running: all:8:prefix_sum, all:7:power_of_two_list.
2024-02-01T08:55:17+00:00 Duys-MacBook-Pro.local#00 I: 2 tests running: all:9:deep_reverse, all:8:prefix_sum.
2024-02-01T08:55:17+00:00 Duys-MacBook-Pro.local#02 I: Start test all:9:deep_reverse.
2024-02-01T08:55:17+00:00 Duys-MacBook-Pro.local#00 I: 2 tests running: all:9:deep_reverse, all:8:prefix_sum.
2024-02-01T08:55:17+00:00 Duys-MacBook-Pro.local#01 I: Test all:8:prefix_sum is successful.
2024-02-01T08:55:17+00:00 Duys-MacBook-Pro.local#00 I: 2 tests running: all:9:deep_reverse, all:8:prefix_sum.
2024-02-01T08:55:17+00:00 Duys-MacBook-Pro.local#01 I: End test all:8:prefix_sum.
2024-02-01T08:55:17+00:00 Duys-MacBook-Pro.local#00 I: 2 tests running: all:9:deep_reverse, all:8:prefix_sum.
2024-02-01T08:55:17+00:00 Duys-MacBook-Pro.local#00 I: 2 tests running: all:10:deep_reverse_nested, all:9:deep_reverse.
2024-02-01T08:55:17+00:00 Duys-MacBook-Pro.local#02 I: Test all:9:deep_reverse is successful.
2024-02-01T08:55:17+00:00 Duys-MacBook-Pro.local#01 I: Start test all:10:deep_reverse_nested.
2024-02-01T08:55:17+00:00 Duys-MacBook-Pro.local#00 I: 2 tests running: all:10:deep_reverse_nested, all:9:deep_reverse.
2024-02-01T08:55:17+00:00 Duys-MacBook-Pro.local#02 I: End test all:9:deep_reverse.
2024-02-01T08:55:17+00:00 Duys-MacBook-Pro.local#00 I: 2 tests running: all:10:deep_reverse_nested, all:9:deep_reverse.
2024-02-01T08:55:17+00:00 Duys-MacBook-Pro.local#00 I: 2 tests running: all:11:quicksort, all:10:deep_reverse_nested.
2024-02-01T08:55:17+00:00 Duys-MacBook-Pro.local#02 I: Start test all:11:quicksort.
2024-02-01T08:55:17+00:00 Duys-MacBook-Pro.local#00 I: 2 tests running: all:11:quicksort, all:10:deep_reverse_nested.
2024-02-01T08:55:17+00:00 Duys-MacBook-Pro.local#01 I: Test all:10:deep_reverse_nested is successful.
2024-02-01T08:55:17+00:00 Duys-MacBook-Pro.local#00 I: 2 tests running: all:11:quicksort, all:10:deep_reverse_nested.
2024-02-01T08:55:17+00:00 Duys-MacBook-Pro.local#01 I: End test all:10:deep_reverse_nested.
2024-02-01T08:55:17+00:00 Duys-MacBook-Pro.local#02 I: Test all:11:quicksort is successful.
2024-02-01T08:55:17+00:00 Duys-MacBook-Pro.local#00 I: 2 tests running: all:11:quicksort, all:10:deep_reverse_nested.
2024-02-01T08:55:17+00:00 Duys-MacBook-Pro.local#02 I: End test all:11:quicksort.
2024-02-01T08:55:17+00:00 Duys-MacBook-Pro.local#00 I: 2 tests running: all:12:insertion_sort, all:11:quicksort.
2024-02-01T08:55:17+00:00 Duys-MacBook-Pro.local#01 I: Start test all:12:insertion_sort.
2024-02-01T08:55:17+00:00 Duys-MacBook-Pro.local#00 I: 2 tests running: all:13:subsets, all:12:insertion_sort.
2024-02-01T08:55:17+00:00 Duys-MacBook-Pro.local#02 I: Start test all:13:subsets.
2024-02-01T08:55:17+00:00 Duys-MacBook-Pro.local#00 I: 2 tests running: all:13:subsets, all:12:insertion_sort.
2024-02-01T08:55:17+00:00 Duys-MacBook-Pro.local#01 I: Test all:12:insertion_sort is successful.
2024-02-01T08:55:17+00:00 Duys-MacBook-Pro.local#00 I: 2 tests running: all:13:subsets, all:12:insertion_sort.
2024-02-01T08:55:17+00:00 Duys-MacBook-Pro.local#01 I: End test all:12:insertion_sort.
2024-02-01T08:55:17+00:00 Duys-MacBook-Pro.local#02 I: Test all:13:subsets is successful.
2024-02-01T08:55:17+00:00 Duys-MacBook-Pro.local#00 I: 2 tests running: all:13:subsets, all:12:insertion_sort.
2024-02-01T08:55:17+00:00 Duys-MacBook-Pro.local#02 I: End test all:13:subsets.
2024-02-01T08:55:17+00:00 Duys-MacBook-Pro.local#00 I: 2 tests running: all:14:map, append, length, all:13:subsets.
2024-02-01T08:55:17+00:00 Duys-MacBook-Pro.local#01 I: Start test all:14:map, append, length.
2024-02-01T08:55:17+00:00 Duys-MacBook-Pro.local#00 I: 2 tests running: all:15:accumulate_n, all:14:map, append, length.
2024-02-01T08:55:17+00:00 Duys-MacBook-Pro.local#02 I: Start test all:15:accumulate_n.
2024-02-01T08:55:17+00:00 Duys-MacBook-Pro.local#00 I: 2 tests running: all:15:accumulate_n, all:14:map, append, length.
2024-02-01T08:55:17+00:00 Duys-MacBook-Pro.local#02 I: Test all:15:accumulate_n is successful.
2024-02-01T08:55:17+00:00 Duys-MacBook-Pro.local#00 I: 2 tests running: all:15:accumulate_n, all:14:map, append, length.
2024-02-01T08:55:17+00:00 Duys-MacBook-Pro.local#01 I: Test all:14:map, append, length is successful.
2024-02-01T08:55:17+00:00 Duys-MacBook-Pro.local#02 I: End test all:15:accumulate_n.
2024-02-01T08:55:17+00:00 Duys-MacBook-Pro.local#00 I: 2 tests running: all:15:accumulate_n, all:14:map, append, length.
2024-02-01T08:55:17+00:00 Duys-MacBook-Pro.local#01 I: End test all:14:map, append, length.
2024-02-01T08:55:17+00:00 Duys-MacBook-Pro.local#00 I: Still 2 tests running : all:16:dot_product, matrix_times_vector, matrix_times_matrix, all:14:map, append, length.
2024-02-01T08:55:17+00:00 Duys-MacBook-Pro.local#00 I: 2 tests running: all:16:dot_product, matrix_times_vector, matrix_times_matrix, all:14:map, append, length.
2024-02-01T08:55:17+00:00 Duys-MacBook-Pro.local#02 I: Start test all:16:dot_product, matrix_times_vector, matrix_times_matrix.
2024-02-01T08:55:17+00:00 Duys-MacBook-Pro.local#00 I: Still 1 tests running : all:16:dot_product, matrix_times_vector, matrix_times_matrix.
2024-02-01T08:55:17+00:00 Duys-MacBook-Pro.local#00 I: 1 tests running: all:16:dot_product, matrix_times_vector, matrix_times_matrix.
2024-02-01T08:55:17+00:00 Duys-MacBook-Pro.local#02 I: Test all:16:dot_product, matrix_times_vector, matrix_times_matrix is successful.
2024-02-01T08:55:17+00:00 Duys-MacBook-Pro.local#00 I: Still 1 tests running : all:16:dot_product, matrix_times_vector, matrix_times_matrix.
2024-02-01T08:55:17+00:00 Duys-MacBook-Pro.local#00 I: 1 tests running: all:16:dot_product, matrix_times_vector, matrix_times_matrix.
2024-02-01T08:55:17+00:00 Duys-MacBook-Pro.local#02 I: End test all:16:dot_product, matrix_times_vector, matrix_times_matrix.
2024-02-01T08:55:17+00:00 Duys-MacBook-Pro.local#00 I: Still 1 tests running : all:16:dot_product, matrix_times_vector, matrix_times_matrix.
2024-02-01T08:55:17+00:00 Duys-MacBook-Pro.local#00 I: 1 tests running: all:16:dot_product, matrix_times_vector, matrix_times_matrix.
2024-02-01T08:55:17+00:00 Duys-MacBook-Pro.local#00 I: 0 tests running: .
2024-02-01T08:55:17+00:00 Duys-MacBook-Pro.local#00 I: Worker Duys-MacBook-Pro.local#01 has ended.
2024-02-01T08:55:17+00:00 Duys-MacBook-Pro.local#00 I: Worker Duys-MacBook-Pro.local#02 has ended.
2024-02-01T08:55:17+00:00 Duys-MacBook-Pro.local#00 I: Used 2 worker during test execution.
2024-02-01T08:55:17+00:00 Duys-MacBook-Pro.local#00 I: Run 8 tests with shard Duys-MacBook-Pro.local#01.
2024-02-01T08:55:17+00:00 Duys-MacBook-Pro.local#00 I: Run 9 tests with shard Duys-MacBook-Pro.local#02.
2024-02-01T08:55:17+00:00 Duys-MacBook-Pro.local#00 I: Check health of shard Duys-MacBook-Pro.local#01, 4 times.
2024-02-01T08:55:17+00:00 Duys-MacBook-Pro.local#00 I: Check health of shard Duys-MacBook-Pro.local#02, 1 times.
2024-02-01T08:55:17+00:00 Duys-MacBook-Pro.local#00 I: ==============
2024-02-01T08:55:17+00:00 Duys-MacBook-Pro.local#00 I: Summary:
2024-02-01T08:55:17+00:00 Duys-MacBook-Pro.local#00 I: Test all:16:dot_product, matrix_times_vector, matrix_times_matrix is successful.
2024-02-01T08:55:17+00:00 Duys-MacBook-Pro.local#00 I: Test all:14:map, append, length is successful.
2024-02-01T08:55:17+00:00 Duys-MacBook-Pro.local#00 I: Test all:15:accumulate_n is successful.
2024-02-01T08:55:17+00:00 Duys-MacBook-Pro.local#00 I: Test all:13:subsets is successful.
2024-02-01T08:55:17+00:00 Duys-MacBook-Pro.local#00 I: Test all:12:insertion_sort is successful.
2024-02-01T08:55:17+00:00 Duys-MacBook-Pro.local#00 I: Test all:11:quicksort is successful.
2024-02-01T08:55:17+00:00 Duys-MacBook-Pro.local#00 I: Test all:10:deep_reverse_nested is successful.
2024-02-01T08:55:17+00:00 Duys-MacBook-Pro.local#00 I: Test all:9:deep_reverse is successful.
2024-02-01T08:55:17+00:00 Duys-MacBook-Pro.local#00 I: Test all:8:prefix_sum is successful.
2024-02-01T08:55:17+00:00 Duys-MacBook-Pro.local#00 I: Test all:7:power_of_two_list is successful.
2024-02-01T08:55:17+00:00 Duys-MacBook-Pro.local#00 I: Test all:6:count_negative_numbers is successful.
2024-02-01T08:55:17+00:00 Duys-MacBook-Pro.local#00 I: Test all:5:square_list2 is successful.
2024-02-01T08:55:17+00:00 Duys-MacBook-Pro.local#00 I: Test all:4:square_list is successful.
2024-02-01T08:55:17+00:00 Duys-MacBook-Pro.local#00 I: Test all:3:reverse is successful.
2024-02-01T08:55:17+00:00 Duys-MacBook-Pro.local#00 I: Test all:2:last_sublist is successful.
2024-02-01T08:55:17+00:00 Duys-MacBook-Pro.local#00 I: Test all:1:irange is successful.
2024-02-01T08:55:17+00:00 Duys-MacBook-Pro.local#00 I: Test all:0:range is successful.
2024-02-01T08:55:17+00:00 Duys-MacBook-Pro.local#00 I: Ran: 17 tests in: 0.11 seconds.
2024-02-01T08:55:17+00:00 Duys-MacBook-Pro.local#00 I: Cases: 17.
2024-02-01T08:55:17+00:00 Duys-MacBook-Pro.local#00 I: Tried: 17.
2024-02-01T08:55:17+00:00 Duys-MacBook-Pro.local#00 I: Errors: 0.
2024-02-01T08:55:17+00:00 Duys-MacBook-Pro.local#00 I: Failures: 0.
2024-02-01T08:55:17+00:00 Duys-MacBook-Pro.local#00 I: Skip: 0.
2024-02-01T08:55:17+00:00 Duys-MacBook-Pro.local#00 I: Todo: 0.
2024-02-01T08:55:17+00:00 Duys-MacBook-Pro.local#00 I: Timeout: 0.
