2024-02-01T08:55:17+00:00 Duys-MacBook-Pro.local#02 I: Start test all:1:irange.
2024-02-01T08:55:17+00:00 Duys-MacBook-Pro.local#02 I: Test all:1:irange is successful.
2024-02-01T08:55:17+00:00 Duys-MacBook-Pro.local#02 I: End test all:1:irange.
2024-02-01T08:55:17+00:00 Duys-MacBook-Pro.local#02 I: Start test all:3:reverse.
2024-02-01T08:55:17+00:00 Duys-MacBook-Pro.local#02 I: Test all:3:reverse is successful.
2024-02-01T08:55:17+00:00 Duys-MacBook-Pro.local#02 I: End test all:3:reverse.
2024-02-01T08:55:17+00:00 Duys-MacBook-Pro.local#02 I: Start test all:5:square_list2.
2024-02-01T08:55:17+00:00 Duys-MacBook-Pro.local#02 I: Test all:5:square_list2 is successful.
2024-02-01T08:55:17+00:00 Duys-MacBook-Pro.local#02 I: End test all:5:square_list2.
2024-02-01T08:55:17+00:00 Duys-MacBook-Pro.local#02 I: Start test all:7:power_of_two_list.
2024-02-01T08:55:17+00:00 Duys-MacBook-Pro.local#02 I: Test all:7:power_of_two_list is successful.
2024-02-01T08:55:17+00:00 Duys-MacBook-Pro.local#02 I: End test all:7:power_of_two_list.
2024-02-01T08:55:17+00:00 Duys-MacBook-Pro.local#02 I: Start test all:9:deep_reverse.
2024-02-01T08:55:17+00:00 Duys-MacBook-Pro.local#02 I: Test all:9:deep_reverse is successful.
2024-02-01T08:55:17+00:00 Duys-MacBook-Pro.local#02 I: End test all:9:deep_reverse.
2024-02-01T08:55:17+00:00 Duys-MacBook-Pro.local#02 I: Start test all:11:quicksort.
2024-02-01T08:55:17+00:00 Duys-MacBook-Pro.local#02 I: Test all:11:quicksort is successful.
2024-02-01T08:55:17+00:00 Duys-MacBook-Pro.local#02 I: End test all:11:quicksort.
2024-02-01T08:55:17+00:00 Duys-MacBook-Pro.local#02 I: Start test all:13:subsets.
2024-02-01T08:55:17+00:00 Duys-MacBook-Pro.local#02 I: Test all:13:subsets is successful.
2024-02-01T08:55:17+00:00 Duys-MacBook-Pro.local#02 I: End test all:13:subsets.
2024-02-01T08:55:17+00:00 Duys-MacBook-Pro.local#02 I: Start test all:15:accumulate_n.
2024-02-01T08:55:17+00:00 Duys-MacBook-Pro.local#02 I: Test all:15:accumulate_n is successful.
2024-02-01T08:55:17+00:00 Duys-MacBook-Pro.local#02 I: End test all:15:accumulate_n.
2024-02-01T08:55:17+00:00 Duys-MacBook-Pro.local#02 I: Start test all:16:dot_product, matrix_times_vector, matrix_times_matrix.
2024-02-01T08:55:17+00:00 Duys-MacBook-Pro.local#02 I: Test all:16:dot_product, matrix_times_vector, matrix_times_matrix is successful.
2024-02-01T08:55:17+00:00 Duys-MacBook-Pro.local#02 I: End test all:16:dot_product, matrix_times_vector, matrix_times_matrix.
