2024-02-01T08:55:17+00:00 Duys-MacBook-Pro.local#01 I: Start test all:0:range.
2024-02-01T08:55:17+00:00 Duys-MacBook-Pro.local#01 I: Test all:0:range is successful.
2024-02-01T08:55:17+00:00 Duys-MacBook-Pro.local#01 I: End test all:0:range.
2024-02-01T08:55:17+00:00 Duys-MacBook-Pro.local#01 I: Start test all:2:last_sublist.
2024-02-01T08:55:17+00:00 Duys-MacBook-Pro.local#01 I: Test all:2:last_sublist is successful.
2024-02-01T08:55:17+00:00 Duys-MacBook-Pro.local#01 I: End test all:2:last_sublist.
2024-02-01T08:55:17+00:00 Duys-MacBook-Pro.local#01 I: Start test all:4:square_list.
2024-02-01T08:55:17+00:00 Duys-MacBook-Pro.local#01 I: Test all:4:square_list is successful.
2024-02-01T08:55:17+00:00 Duys-MacBook-Pro.local#01 I: End test all:4:square_list.
2024-02-01T08:55:17+00:00 Duys-MacBook-Pro.local#01 I: Start test all:6:count_negative_numbers.
2024-02-01T08:55:17+00:00 Duys-MacBook-Pro.local#01 I: Test all:6:count_negative_numbers is successful.
2024-02-01T08:55:17+00:00 Duys-MacBook-Pro.local#01 I: End test all:6:count_negative_numbers.
2024-02-01T08:55:17+00:00 Duys-MacBook-Pro.local#01 I: Start test all:8:prefix_sum.
2024-02-01T08:55:17+00:00 Duys-MacBook-Pro.local#01 I: Test all:8:prefix_sum is successful.
2024-02-01T08:55:17+00:00 Duys-MacBook-Pro.local#01 I: End test all:8:prefix_sum.
2024-02-01T08:55:17+00:00 Duys-MacBook-Pro.local#01 I: Start test all:10:deep_reverse_nested.
2024-02-01T08:55:17+00:00 Duys-MacBook-Pro.local#01 I: Test all:10:deep_reverse_nested is successful.
2024-02-01T08:55:17+00:00 Duys-MacBook-Pro.local#01 I: End test all:10:deep_reverse_nested.
2024-02-01T08:55:17+00:00 Duys-MacBook-Pro.local#01 I: Start test all:12:insertion_sort.
2024-02-01T08:55:17+00:00 Duys-MacBook-Pro.local#01 I: Test all:12:insertion_sort is successful.
2024-02-01T08:55:17+00:00 Duys-MacBook-Pro.local#01 I: End test all:12:insertion_sort.
2024-02-01T08:55:17+00:00 Duys-MacBook-Pro.local#01 I: Start test all:14:map, append, length.
2024-02-01T08:55:17+00:00 Duys-MacBook-Pro.local#01 I: Test all:14:map, append, length is successful.
2024-02-01T08:55:17+00:00 Duys-MacBook-Pro.local#01 I: End test all:14:map, append, length.
