2024-03-01T09:54:34+00:00 Duys-MacBook-Pro.local#00 I: Runner: processes
2024-03-01T09:54:34+00:00 Duys-MacBook-Pro.local#00 I: Chooser: simple
2024-03-01T09:54:34+00:00 Duys-MacBook-Pro.local#00 I: Configuration suite_name = "all"
2024-03-01T09:54:34+00:00 Duys-MacBook-Pro.local#00 I: Configuration cache_filename = "/Users/duynguyen/cs4/cs4_set/lab4/oUnit-$(suite_name).cache"
2024-03-01T09:54:34+00:00 Duys-MacBook-Pro.local#00 I: Configuration run_gc_full_major = "true"
2024-03-01T09:54:34+00:00 Duys-MacBook-Pro.local#00 I: Configuration display = "true"
2024-03-01T09:54:34+00:00 Duys-MacBook-Pro.local#00 I: Configuration results_style_1_X = "false"
2024-03-01T09:54:34+00:00 Duys-MacBook-Pro.local#00 I: Configuration testdata_dir = "none"
2024-03-01T09:54:34+00:00 Duys-MacBook-Pro.local#00 I: Configuration health_check_interval = "1."
2024-03-01T09:54:34+00:00 Duys-MacBook-Pro.local#00 I: Configuration verbose = "false"
2024-03-01T09:54:34+00:00 Duys-MacBook-Pro.local#00 I: Configuration chooser = "simple"
2024-03-01T09:54:34+00:00 Duys-MacBook-Pro.local#00 I: Configuration output_html_dir = "none"
2024-03-01T09:54:34+00:00 Duys-MacBook-Pro.local#00 I: Configuration processes_kill_period = "5."
2024-03-01T09:54:34+00:00 Duys-MacBook-Pro.local#00 I: Configuration runner = "processes"
2024-03-01T09:54:34+00:00 Duys-MacBook-Pro.local#00 I: Configuration shards = "2"
2024-03-01T09:54:34+00:00 Duys-MacBook-Pro.local#00 I: Configuration processes_grace_period = "5."
2024-03-01T09:54:34+00:00 Duys-MacBook-Pro.local#00 I: Configuration log_encoding = "utf-8"
2024-03-01T09:54:34+00:00 Duys-MacBook-Pro.local#00 I: Configuration output_junit_file = "none"
2024-03-01T09:54:34+00:00 Duys-MacBook-Pro.local#00 I: Configuration ci = "false"
2024-03-01T09:54:34+00:00 Duys-MacBook-Pro.local#00 I: Configuration output_file = "/Users/duynguyen/cs4/cs4_set/lab4/oUnit-$(suite_name)-$(shard_id).log"
2024-03-01T09:54:34+00:00 Duys-MacBook-Pro.local#00 I: Using 2 workers maximum.
2024-03-01T09:54:34+00:00 Duys-MacBook-Pro.local#00 I: Starting worker number Duys-MacBook-Pro.local#01.
2024-03-01T09:54:34+00:00 Duys-MacBook-Pro.local#00 I: Worker Duys-MacBook-Pro.local#01 started.
2024-03-01T09:54:34+00:00 Duys-MacBook-Pro.local#00 I: Starting worker number Duys-MacBook-Pro.local#02.
2024-03-01T09:54:34+00:00 Duys-MacBook-Pro.local#00 I: Worker Duys-MacBook-Pro.local#02 started.
2024-03-01T09:54:34+00:00 Duys-MacBook-Pro.local#00 I: 2 tests running: all:1:make_segment/get_points, all:0:make_point/get_coords.
2024-03-01T09:54:34+00:00 Duys-MacBook-Pro.local#01 I: Start test all:0:make_point/get_coords.
2024-03-01T09:54:34+00:00 Duys-MacBook-Pro.local#00 I: 2 tests running: all:1:make_segment/get_points, all:0:make_point/get_coords.
2024-03-01T09:54:34+00:00 Duys-MacBook-Pro.local#02 I: Start test all:1:make_segment/get_points.
2024-03-01T09:54:34+00:00 Duys-MacBook-Pro.local#00 I: 2 tests running: all:1:make_segment/get_points, all:0:make_point/get_coords.
2024-03-01T09:54:34+00:00 Duys-MacBook-Pro.local#01 I: Test all:0:make_point/get_coords is successful.
2024-03-01T09:54:34+00:00 Duys-MacBook-Pro.local#00 I: 2 tests running: all:1:make_segment/get_points, all:0:make_point/get_coords.
2024-03-01T09:54:34+00:00 Duys-MacBook-Pro.local#01 I: End test all:0:make_point/get_coords.
2024-03-01T09:54:34+00:00 Duys-MacBook-Pro.local#00 I: 2 tests running: all:1:make_segment/get_points, all:0:make_point/get_coords.
2024-03-01T09:54:34+00:00 Duys-MacBook-Pro.local#00 I: 2 tests running: all:2:segment_length, all:1:make_segment/get_points.
2024-03-01T09:54:34+00:00 Duys-MacBook-Pro.local#01 I: Start test all:2:segment_length.
2024-03-01T09:54:34+00:00 Duys-MacBook-Pro.local#00 I: 2 tests running: all:2:segment_length, all:1:make_segment/get_points.
2024-03-01T09:54:34+00:00 Duys-MacBook-Pro.local#02 I: Test all:1:make_segment/get_points is successful.
2024-03-01T09:54:34+00:00 Duys-MacBook-Pro.local#00 I: 2 tests running: all:2:segment_length, all:1:make_segment/get_points.
2024-03-01T09:54:34+00:00 Duys-MacBook-Pro.local#02 I: End test all:1:make_segment/get_points.
2024-03-01T09:54:34+00:00 Duys-MacBook-Pro.local#00 I: 2 tests running: all:2:segment_length, all:1:make_segment/get_points.
2024-03-01T09:54:34+00:00 Duys-MacBook-Pro.local#00 I: 2 tests running: all:3:midpoint_segment, all:2:segment_length.
2024-03-01T09:54:34+00:00 Duys-MacBook-Pro.local#02 I: Start test all:3:midpoint_segment.
2024-03-01T09:54:34+00:00 Duys-MacBook-Pro.local#00 I: 2 tests running: all:3:midpoint_segment, all:2:segment_length.
2024-03-01T09:54:34+00:00 Duys-MacBook-Pro.local#01 I: Test all:2:segment_length is successful.
2024-03-01T09:54:34+00:00 Duys-MacBook-Pro.local#00 I: 2 tests running: all:3:midpoint_segment, all:2:segment_length.
2024-03-01T09:54:34+00:00 Duys-MacBook-Pro.local#01 I: End test all:2:segment_length.
2024-03-01T09:54:34+00:00 Duys-MacBook-Pro.local#00 I: 2 tests running: all:3:midpoint_segment, all:2:segment_length.
2024-03-01T09:54:34+00:00 Duys-MacBook-Pro.local#00 I: 2 tests running: all:4:make_rectangle, all:3:midpoint_segment.
2024-03-01T09:54:34+00:00 Duys-MacBook-Pro.local#01 I: Start test all:4:make_rectangle.
2024-03-01T09:54:34+00:00 Duys-MacBook-Pro.local#00 I: 2 tests running: all:4:make_rectangle, all:3:midpoint_segment.
2024-03-01T09:54:34+00:00 Duys-MacBook-Pro.local#02 I: Test all:3:midpoint_segment is successful.
2024-03-01T09:54:34+00:00 Duys-MacBook-Pro.local#00 I: 2 tests running: all:4:make_rectangle, all:3:midpoint_segment.
2024-03-01T09:54:34+00:00 Duys-MacBook-Pro.local#02 I: End test all:3:midpoint_segment.
2024-03-01T09:54:34+00:00 Duys-MacBook-Pro.local#00 I: 2 tests running: all:4:make_rectangle, all:3:midpoint_segment.
2024-03-01T09:54:34+00:00 Duys-MacBook-Pro.local#00 I: 2 tests running: all:5:make_rectangle2, all:4:make_rectangle.
2024-03-01T09:54:34+00:00 Duys-MacBook-Pro.local#02 I: Start test all:5:make_rectangle2.
2024-03-01T09:54:34+00:00 Duys-MacBook-Pro.local#00 I: 2 tests running: all:5:make_rectangle2, all:4:make_rectangle.
2024-03-01T09:54:34+00:00 Duys-MacBook-Pro.local#01 I: Test all:4:make_rectangle is successful.
2024-03-01T09:54:34+00:00 Duys-MacBook-Pro.local#00 I: 2 tests running: all:5:make_rectangle2, all:4:make_rectangle.
2024-03-01T09:54:34+00:00 Duys-MacBook-Pro.local#01 I: End test all:4:make_rectangle.
2024-03-01T09:54:34+00:00 Duys-MacBook-Pro.local#00 I: 2 tests running: all:5:make_rectangle2, all:4:make_rectangle.
2024-03-01T09:54:34+00:00 Duys-MacBook-Pro.local#00 I: 2 tests running: all:6:integer pairs, all:5:make_rectangle2.
2024-03-01T09:54:34+00:00 Duys-MacBook-Pro.local#01 I: Start test all:6:integer pairs.
2024-03-01T09:54:34+00:00 Duys-MacBook-Pro.local#00 I: 2 tests running: all:6:integer pairs, all:5:make_rectangle2.
2024-03-01T09:54:34+00:00 Duys-MacBook-Pro.local#02 I: Test all:5:make_rectangle2 is successful.
2024-03-01T09:54:34+00:00 Duys-MacBook-Pro.local#00 I: 2 tests running: all:6:integer pairs, all:5:make_rectangle2.
2024-03-01T09:54:34+00:00 Duys-MacBook-Pro.local#02 I: End test all:5:make_rectangle2.
2024-03-01T09:54:34+00:00 Duys-MacBook-Pro.local#00 I: 2 tests running: all:6:integer pairs, all:5:make_rectangle2.
2024-03-01T09:54:34+00:00 Duys-MacBook-Pro.local#00 I: 2 tests running: all:7:unary integers, all:6:integer pairs.
2024-03-01T09:54:34+00:00 Duys-MacBook-Pro.local#02 I: Start test all:7:unary integers.
2024-03-01T09:54:34+00:00 Duys-MacBook-Pro.local#00 I: 2 tests running: all:7:unary integers, all:6:integer pairs.
2024-03-01T09:54:34+00:00 Duys-MacBook-Pro.local#01 I: Test all:6:integer pairs is successful.
2024-03-01T09:54:34+00:00 Duys-MacBook-Pro.local#00 I: 2 tests running: all:7:unary integers, all:6:integer pairs.
2024-03-01T09:54:34+00:00 Duys-MacBook-Pro.local#01 I: End test all:6:integer pairs.
2024-03-01T09:54:34+00:00 Duys-MacBook-Pro.local#00 I: 2 tests running: all:7:unary integers, all:6:integer pairs.
2024-03-01T09:54:34+00:00 Duys-MacBook-Pro.local#00 I: 2 tests running: all:8:unary integers 2, all:7:unary integers.
2024-03-01T09:54:34+00:00 Duys-MacBook-Pro.local#01 I: Start test all:8:unary integers 2.
2024-03-01T09:54:34+00:00 Duys-MacBook-Pro.local#00 I: 2 tests running: all:8:unary integers 2, all:7:unary integers.
2024-03-01T09:54:34+00:00 Duys-MacBook-Pro.local#02 I: Test all:7:unary integers is successful.
2024-03-01T09:54:34+00:00 Duys-MacBook-Pro.local#00 I: 2 tests running: all:8:unary integers 2, all:7:unary integers.
2024-03-01T09:54:34+00:00 Duys-MacBook-Pro.local#02 I: End test all:7:unary integers.
2024-03-01T09:54:34+00:00 Duys-MacBook-Pro.local#00 I: 2 tests running: all:8:unary integers 2, all:7:unary integers.
2024-03-01T09:54:34+00:00 Duys-MacBook-Pro.local#00 I: 2 tests running: all:9:is_balanced, all:8:unary integers 2.
2024-03-01T09:54:34+00:00 Duys-MacBook-Pro.local#02 I: Start test all:9:is_balanced.
2024-03-01T09:54:34+00:00 Duys-MacBook-Pro.local#00 I: 2 tests running: all:9:is_balanced, all:8:unary integers 2.
2024-03-01T09:54:34+00:00 Duys-MacBook-Pro.local#02 I: Test all:9:is_balanced is successful.
2024-03-01T09:54:34+00:00 Duys-MacBook-Pro.local#00 I: 2 tests running: all:9:is_balanced, all:8:unary integers 2.
2024-03-01T09:54:34+00:00 Duys-MacBook-Pro.local#02 I: End test all:9:is_balanced.
2024-03-01T09:54:34+00:00 Duys-MacBook-Pro.local#00 I: 2 tests running: all:9:is_balanced, all:8:unary integers 2.
2024-03-01T09:54:34+00:00 Duys-MacBook-Pro.local#00 I: 2 tests running: all:10:is_balanced', all:8:unary integers 2.
2024-03-01T09:54:34+00:00 Duys-MacBook-Pro.local#02 I: Start test all:10:is_balanced'.
2024-03-01T09:54:34+00:00 Duys-MacBook-Pro.local#00 I: 2 tests running: all:10:is_balanced', all:8:unary integers 2.
2024-03-01T09:54:34+00:00 Duys-MacBook-Pro.local#02 I: Test all:10:is_balanced' is successful.
2024-03-01T09:54:34+00:00 Duys-MacBook-Pro.local#00 I: 2 tests running: all:10:is_balanced', all:8:unary integers 2.
2024-03-01T09:54:34+00:00 Duys-MacBook-Pro.local#02 I: End test all:10:is_balanced'.
2024-03-01T09:54:34+00:00 Duys-MacBook-Pro.local#00 I: 2 tests running: all:10:is_balanced', all:8:unary integers 2.
2024-03-01T09:54:34+00:00 Duys-MacBook-Pro.local#00 I: 2 tests running: all:11:square_tree, all:8:unary integers 2.
2024-03-01T09:54:34+00:00 Duys-MacBook-Pro.local#02 I: Start test all:11:square_tree.
2024-03-01T09:54:34+00:00 Duys-MacBook-Pro.local#00 I: 2 tests running: all:11:square_tree, all:8:unary integers 2.
2024-03-01T09:54:34+00:00 Duys-MacBook-Pro.local#02 I: Test all:11:square_tree is successful.
2024-03-01T09:54:34+00:00 Duys-MacBook-Pro.local#00 I: 2 tests running: all:11:square_tree, all:8:unary integers 2.
2024-03-01T09:54:34+00:00 Duys-MacBook-Pro.local#02 I: End test all:11:square_tree.
2024-03-01T09:54:34+00:00 Duys-MacBook-Pro.local#00 I: 2 tests running: all:11:square_tree, all:8:unary integers 2.
2024-03-01T09:54:34+00:00 Duys-MacBook-Pro.local#00 I: 2 tests running: all:12:square_tree'', all:8:unary integers 2.
2024-03-01T09:54:34+00:00 Duys-MacBook-Pro.local#02 I: Start test all:12:square_tree''.
2024-03-01T09:54:34+00:00 Duys-MacBook-Pro.local#00 I: 2 tests running: all:12:square_tree'', all:8:unary integers 2.
2024-03-01T09:54:34+00:00 Duys-MacBook-Pro.local#01 I: Test all:8:unary integers 2 is successful.
2024-03-01T09:54:34+00:00 Duys-MacBook-Pro.local#00 I: 2 tests running: all:12:square_tree'', all:8:unary integers 2.
2024-03-01T09:54:34+00:00 Duys-MacBook-Pro.local#01 I: End test all:8:unary integers 2.
2024-03-01T09:54:34+00:00 Duys-MacBook-Pro.local#00 I: 2 tests running: all:12:square_tree'', all:8:unary integers 2.
2024-03-01T09:54:34+00:00 Duys-MacBook-Pro.local#00 I: 2 tests running: all:13:simplify, all:12:square_tree''.
2024-03-01T09:54:34+00:00 Duys-MacBook-Pro.local#01 I: Start test all:13:simplify.
2024-03-01T09:54:34+00:00 Duys-MacBook-Pro.local#00 I: 2 tests running: all:13:simplify, all:12:square_tree''.
2024-03-01T09:54:34+00:00 Duys-MacBook-Pro.local#02 I: Test all:12:square_tree'' is successful.
2024-03-01T09:54:34+00:00 Duys-MacBook-Pro.local#00 I: 2 tests running: all:13:simplify, all:12:square_tree''.
2024-03-01T09:54:34+00:00 Duys-MacBook-Pro.local#02 I: End test all:12:square_tree''.
2024-03-01T09:54:34+00:00 Duys-MacBook-Pro.local#00 I: 2 tests running: all:13:simplify, all:12:square_tree''.
2024-03-01T09:54:34+00:00 Duys-MacBook-Pro.local#00 I: Still 2 tests running : all:14:derivative, all:13:simplify.
2024-03-01T09:54:34+00:00 Duys-MacBook-Pro.local#00 I: 2 tests running: all:14:derivative, all:13:simplify.
2024-03-01T09:54:34+00:00 Duys-MacBook-Pro.local#02 I: Start test all:14:derivative.
2024-03-01T09:54:34+00:00 Duys-MacBook-Pro.local#00 I: Still 2 tests running : all:14:derivative, all:13:simplify.
2024-03-01T09:54:34+00:00 Duys-MacBook-Pro.local#00 I: 2 tests running: all:14:derivative, all:13:simplify.
2024-03-01T09:54:34+00:00 Duys-MacBook-Pro.local#01 I: Test all:13:simplify is successful.
2024-03-01T09:54:34+00:00 Duys-MacBook-Pro.local#00 I: Still 2 tests running : all:14:derivative, all:13:simplify.
2024-03-01T09:54:34+00:00 Duys-MacBook-Pro.local#00 I: 2 tests running: all:14:derivative, all:13:simplify.
2024-03-01T09:54:34+00:00 Duys-MacBook-Pro.local#01 I: End test all:13:simplify.
2024-03-01T09:54:34+00:00 Duys-MacBook-Pro.local#00 I: Still 2 tests running : all:14:derivative, all:13:simplify.
2024-03-01T09:54:34+00:00 Duys-MacBook-Pro.local#00 I: 2 tests running: all:14:derivative, all:13:simplify.
2024-03-01T09:54:34+00:00 Duys-MacBook-Pro.local#00 I: Still 1 tests running : all:14:derivative.
2024-03-01T09:54:34+00:00 Duys-MacBook-Pro.local#00 I: 1 tests running: all:14:derivative.
2024-03-01T09:54:34+00:00 Duys-MacBook-Pro.local#02 I: Test all:14:derivative is successful.
2024-03-01T09:54:34+00:00 Duys-MacBook-Pro.local#00 I: Still 1 tests running : all:14:derivative.
2024-03-01T09:54:34+00:00 Duys-MacBook-Pro.local#00 I: 1 tests running: all:14:derivative.
2024-03-01T09:54:34+00:00 Duys-MacBook-Pro.local#02 I: End test all:14:derivative.
2024-03-01T09:54:34+00:00 Duys-MacBook-Pro.local#00 I: Still 1 tests running : all:14:derivative.
2024-03-01T09:54:34+00:00 Duys-MacBook-Pro.local#00 I: 1 tests running: all:14:derivative.
2024-03-01T09:54:34+00:00 Duys-MacBook-Pro.local#00 I: 0 tests running: .
2024-03-01T09:54:34+00:00 Duys-MacBook-Pro.local#00 I: Worker Duys-MacBook-Pro.local#01 has ended.
2024-03-01T09:54:34+00:00 Duys-MacBook-Pro.local#00 I: Worker Duys-MacBook-Pro.local#02 died unexpectedly.
2024-03-01T09:54:34+00:00 Duys-MacBook-Pro.local#00 I: Used 2 worker during test execution.
2024-03-01T09:54:34+00:00 Duys-MacBook-Pro.local#00 I: Run 6 tests with shard Duys-MacBook-Pro.local#01.
2024-03-01T09:54:34+00:00 Duys-MacBook-Pro.local#00 I: Run 9 tests with shard Duys-MacBook-Pro.local#02.
2024-03-01T09:54:34+00:00 Duys-MacBook-Pro.local#00 I: Check health of shard Duys-MacBook-Pro.local#01, 4 times.
2024-03-01T09:54:34+00:00 Duys-MacBook-Pro.local#00 I: Check health of shard Duys-MacBook-Pro.local#02, 2 times.
2024-03-01T09:54:34+00:00 Duys-MacBook-Pro.local#00 I: ==============
2024-03-01T09:54:34+00:00 Duys-MacBook-Pro.local#00 I: Summary:
2024-03-01T09:54:34+00:00 Duys-MacBook-Pro.local#00 I: Test all:14:derivative is successful.
2024-03-01T09:54:34+00:00 Duys-MacBook-Pro.local#00 I: Test all:13:simplify is successful.
2024-03-01T09:54:34+00:00 Duys-MacBook-Pro.local#00 I: Test all:12:square_tree'' is successful.
2024-03-01T09:54:34+00:00 Duys-MacBook-Pro.local#00 I: Test all:8:unary integers 2 is successful.
2024-03-01T09:54:34+00:00 Duys-MacBook-Pro.local#00 I: Test all:11:square_tree is successful.
2024-03-01T09:54:34+00:00 Duys-MacBook-Pro.local#00 I: Test all:10:is_balanced' is successful.
2024-03-01T09:54:34+00:00 Duys-MacBook-Pro.local#00 I: Test all:9:is_balanced is successful.
2024-03-01T09:54:34+00:00 Duys-MacBook-Pro.local#00 I: Test all:7:unary integers is successful.
2024-03-01T09:54:34+00:00 Duys-MacBook-Pro.local#00 I: Test all:6:integer pairs is successful.
2024-03-01T09:54:34+00:00 Duys-MacBook-Pro.local#00 I: Test all:5:make_rectangle2 is successful.
2024-03-01T09:54:34+00:00 Duys-MacBook-Pro.local#00 I: Test all:4:make_rectangle is successful.
2024-03-01T09:54:34+00:00 Duys-MacBook-Pro.local#00 I: Test all:3:midpoint_segment is successful.
2024-03-01T09:54:34+00:00 Duys-MacBook-Pro.local#00 I: Test all:2:segment_length is successful.
2024-03-01T09:54:34+00:00 Duys-MacBook-Pro.local#00 I: Test all:1:make_segment/get_points is successful.
2024-03-01T09:54:34+00:00 Duys-MacBook-Pro.local#00 I: Test all:0:make_point/get_coords is successful.
2024-03-01T09:54:34+00:00 Duys-MacBook-Pro.local#00 I: Ran: 15 tests in: 0.13 seconds.
2024-03-01T09:54:34+00:00 Duys-MacBook-Pro.local#00 I: Cases: 15.
2024-03-01T09:54:34+00:00 Duys-MacBook-Pro.local#00 I: Tried: 15.
2024-03-01T09:54:34+00:00 Duys-MacBook-Pro.local#00 I: Errors: 0.
2024-03-01T09:54:34+00:00 Duys-MacBook-Pro.local#00 I: Failures: 0.
2024-03-01T09:54:34+00:00 Duys-MacBook-Pro.local#00 I: Skip: 0.
2024-03-01T09:54:34+00:00 Duys-MacBook-Pro.local#00 I: Todo: 0.
2024-03-01T09:54:34+00:00 Duys-MacBook-Pro.local#00 I: Timeout: 0.
