2024-02-18T07:31:14+00:00 Duys-MacBook-Pro.local#01 I: Start test all:0:fast_expt.
2024-02-18T07:31:14+00:00 Duys-MacBook-Pro.local#01 I: Test all:0:fast_expt is successful.
2024-02-18T07:31:14+00:00 Duys-MacBook-Pro.local#01 I: End test all:0:fast_expt.
2024-02-18T07:31:14+00:00 Duys-MacBook-Pro.local#01 I: Start test all:2:fast_mult.
2024-02-18T07:31:14+00:00 Duys-MacBook-Pro.local#01 I: Test all:2:fast_mult is successful.
2024-02-18T07:31:14+00:00 Duys-MacBook-Pro.local#01 I: End test all:2:fast_mult.
2024-02-18T07:31:14+00:00 Duys-MacBook-Pro.local#01 I: Start test all:4:isum.
2024-02-18T07:31:14+00:00 Duys-MacBook-Pro.local#01 I: Test all:4:isum is successful.
2024-02-18T07:31:14+00:00 Duys-MacBook-Pro.local#01 I: End test all:4:isum.
2024-02-18T07:31:14+00:00 Duys-MacBook-Pro.local#01 I: Start test all:6:factorial_rec.
2024-02-18T07:31:14+00:00 Duys-MacBook-Pro.local#01 I: Test all:6:factorial_rec is successful.
2024-02-18T07:31:14+00:00 Duys-MacBook-Pro.local#01 I: End test all:6:factorial_rec.
2024-02-18T07:31:14+00:00 Duys-MacBook-Pro.local#01 I: Start test all:9:pi_approx.
2024-02-18T07:31:14+00:00 Duys-MacBook-Pro.local#01 I: Test all:9:pi_approx is successful.
2024-02-18T07:31:14+00:00 Duys-MacBook-Pro.local#01 I: End test all:9:pi_approx.
2024-02-18T07:31:14+00:00 Duys-MacBook-Pro.local#01 I: Start test all:10:sum.
2024-02-18T07:31:14+00:00 Duys-MacBook-Pro.local#01 I: Test all:10:sum is successful.
2024-02-18T07:31:14+00:00 Duys-MacBook-Pro.local#01 I: End test all:10:sum.
2024-02-18T07:31:14+00:00 Duys-MacBook-Pro.local#01 I: Start test all:13:repeated.
2024-02-18T07:31:14+00:00 Duys-MacBook-Pro.local#01 I: Test all:13:repeated is successful.
2024-02-18T07:31:14+00:00 Duys-MacBook-Pro.local#01 I: End test all:13:repeated.
2024-02-18T07:31:14+00:00 Duys-MacBook-Pro.local#01 I: Start test all:14:smooth.
2024-02-18T07:31:14+00:00 Duys-MacBook-Pro.local#01 I: Test all:14:smooth is successful.
2024-02-18T07:31:14+00:00 Duys-MacBook-Pro.local#01 I: End test all:14:smooth.
2024-02-18T07:31:14+00:00 Duys-MacBook-Pro.local#01 I: Start test all:16:is_prime.
2024-02-18T07:31:14+00:00 Duys-MacBook-Pro.local#01 I: Test all:16:is_prime is successful.
2024-02-18T07:31:14+00:00 Duys-MacBook-Pro.local#01 I: End test all:16:is_prime.
2024-02-18T07:31:14+00:00 Duys-MacBook-Pro.local#01 I: Start test all:17:smallest_prime_factor.
2024-02-18T07:31:14+00:00 Duys-MacBook-Pro.local#01 I: Test all:17:smallest_prime_factor is successful.
2024-02-18T07:31:14+00:00 Duys-MacBook-Pro.local#01 I: End test all:17:smallest_prime_factor.
